
RAxML-NG v. 0.8.0 BETA released on 11.01.2019 by The Exelixis Lab.
Authors: Alexey Kozlov, Alexandros Stamatakis, Diego Darriba, Tomas Flouri, Benoit Morel.
Latest version: https://github.com/amkozlov/raxml-ng
Questions/problems/suggestions? Please visit: https://groups.google.com/forum/#!forum/raxml

WARNING: This is a BETA release, please use at your own risk!

RAxML-NG was called at 11-Mar-2019 18:17:23 as follows:

raxml-ng --all --msa alignment.fs --model F81 --prefix Q5 --seed 13 --threads 8 --bs-trees 1000 --bs-metric fbp

Analysis options:
  run mode: ML tree search + bootstrapping (Felsenstein Bootstrap)
  start tree(s): random (10) + parsimony (10)
  bootstrap replicates: 1000
  random seed: 13
  tip-inner: OFF
  pattern compression: ON
  per-rate scalers: OFF
  site repeats: ON
  branch lengths: proportional (ML estimate, algorithm: NR-FAST)
  SIMD kernels: AVX
  parallelization: PTHREADS (8 threads), thread pinning: OFF

[00:00:00] Reading alignment from file: alignment.fs
[00:00:00] Loaded alignment with 20 taxa and 4482 sites

Alignment comprises 1 partitions and 2114 patterns

Partition 0: noname
Model: F81+FO
Alignment sites / patterns: 4482 / 2114
Gaps: 6.81 %
Invariant sites: 1.18 %


NOTE: Binary MSA file created: Q5.raxml.rba


WARNING: You might be using too many threads (8) for your alignment with 2114 unique patterns.
NOTE:    For the optimal throughput, please consider using fewer threads 
NOTE:    and parallelize across starting trees/bootstrap replicates.
NOTE:    As a general rule-of-thumb, please assign at least 200-1000 alignment patterns per thread.

[00:00:03] Generating 10 random starting tree(s) with 20 taxa
[00:00:03] Generating 10 parsimony starting tree(s) with 20 taxa
[00:00:06] Data distribution: max. partitions/sites/weight per thread: 1 / 265 / 1060

Starting ML tree search with 20 distinct starting trees

[00:00:37] ML tree search #1, logLikelihood: -54586.286313
[00:00:51] ML tree search #2, logLikelihood: -54568.308901
[00:01:06] ML tree search #3, logLikelihood: -54568.308916
[00:01:34] ML tree search #4, logLikelihood: -54568.308939
[00:01:49] ML tree search #5, logLikelihood: -54568.308987
[00:02:14] ML tree search #6, logLikelihood: -54568.308913
[00:02:32] ML tree search #7, logLikelihood: -54586.286291
[00:02:46] ML tree search #8, logLikelihood: -54568.308914
[00:02:55] ML tree search #9, logLikelihood: -54578.580219
[00:03:13] ML tree search #10, logLikelihood: -54568.308910
[00:03:36] ML tree search #11, logLikelihood: -54568.308921
[00:04:10] ML tree search #12, logLikelihood: -54568.308931
[00:04:32] ML tree search #13, logLikelihood: -54568.308892
[00:04:45] ML tree search #14, logLikelihood: -54568.308898
[00:05:03] ML tree search #15, logLikelihood: -54578.580217
[00:05:25] ML tree search #16, logLikelihood: -54568.308917
[00:05:38] ML tree search #17, logLikelihood: -54568.308919
[00:05:45] ML tree search #18, logLikelihood: -54595.834380
[00:06:16] ML tree search #19, logLikelihood: -54568.308921
[00:06:38] ML tree search #20, logLikelihood: -54568.308921

[00:06:38] ML tree search completed, best tree logLH: -54568.308892

[00:06:38] Starting bootstrapping analysis with 1000 replicates.

[00:06:59] Bootstrap tree #1, logLikelihood: -54094.094157
[00:07:30] Bootstrap tree #2, logLikelihood: -55098.768421
[00:07:51] Bootstrap tree #3, logLikelihood: -54400.688688
[00:08:20] Bootstrap tree #4, logLikelihood: -54116.880646
[00:08:22] Bootstrap tree #5, logLikelihood: -54177.549509
[00:08:24] Bootstrap tree #6, logLikelihood: -54785.261992
[00:08:43] Bootstrap tree #7, logLikelihood: -54995.554111
[00:09:00] Bootstrap tree #8, logLikelihood: -54005.273938
[00:09:22] Bootstrap tree #9, logLikelihood: -53633.409717
[00:09:51] Bootstrap tree #10, logLikelihood: -54779.245101
[00:10:24] Bootstrap tree #11, logLikelihood: -55678.238208
[00:10:50] Bootstrap tree #12, logLikelihood: -55142.322420
[00:10:54] Bootstrap tree #13, logLikelihood: -54655.973238
[00:11:18] Bootstrap tree #14, logLikelihood: -53598.795854
[00:11:26] Bootstrap tree #15, logLikelihood: -55343.777694
[00:11:47] Bootstrap tree #16, logLikelihood: -54995.573501
[00:12:13] Bootstrap tree #17, logLikelihood: -54611.759787
[00:12:47] Bootstrap tree #18, logLikelihood: -53520.254739
[00:13:06] Bootstrap tree #19, logLikelihood: -53877.214002
[00:13:27] Bootstrap tree #20, logLikelihood: -53725.153550
[00:13:57] Bootstrap tree #21, logLikelihood: -54994.306367
[00:14:10] Bootstrap tree #22, logLikelihood: -53100.490213
[00:14:27] Bootstrap tree #23, logLikelihood: -54449.836332
[00:14:59] Bootstrap tree #24, logLikelihood: -54489.272026
[00:15:43] Bootstrap tree #25, logLikelihood: -54767.336681
[00:16:11] Bootstrap tree #26, logLikelihood: -54198.695979
[00:16:33] Bootstrap tree #27, logLikelihood: -54422.402448
[00:16:52] Bootstrap tree #28, logLikelihood: -55433.287859
[00:17:09] Bootstrap tree #29, logLikelihood: -55272.384870
[00:17:39] Bootstrap tree #30, logLikelihood: -54793.408596
[00:18:08] Bootstrap tree #31, logLikelihood: -53567.646330
[00:18:32] Bootstrap tree #32, logLikelihood: -54582.868584
[00:19:04] Bootstrap tree #33, logLikelihood: -54362.511236
[00:19:20] Bootstrap tree #34, logLikelihood: -54765.488335
[00:19:22] Bootstrap tree #35, logLikelihood: -55501.211932
[00:19:36] Bootstrap tree #36, logLikelihood: -53696.901175
[00:19:58] Bootstrap tree #37, logLikelihood: -54766.943915
[00:20:14] Bootstrap tree #38, logLikelihood: -54906.994756
[00:20:47] Bootstrap tree #39, logLikelihood: -54732.884868
[00:20:58] Bootstrap tree #40, logLikelihood: -54237.324509
[00:21:22] Bootstrap tree #41, logLikelihood: -53906.096970
[00:21:44] Bootstrap tree #42, logLikelihood: -56051.050725
[00:21:48] Bootstrap tree #43, logLikelihood: -54927.332540
[00:22:06] Bootstrap tree #44, logLikelihood: -55201.876880
[00:22:30] Bootstrap tree #45, logLikelihood: -53810.210563
[00:22:49] Bootstrap tree #46, logLikelihood: -53987.222523
[00:22:53] Bootstrap tree #47, logLikelihood: -54464.149905
[00:23:05] Bootstrap tree #48, logLikelihood: -54119.489228
[00:23:29] Bootstrap tree #49, logLikelihood: -54632.346553
[00:23:53] Bootstrap tree #50, logLikelihood: -54054.586270
[00:24:08] Bootstrap tree #51, logLikelihood: -55281.977182
[00:24:22] Bootstrap tree #52, logLikelihood: -54232.855167
[00:24:41] Bootstrap tree #53, logLikelihood: -55359.338736
[00:25:00] Bootstrap tree #54, logLikelihood: -54965.504881
[00:25:10] Bootstrap tree #55, logLikelihood: -53974.321575
[00:25:29] Bootstrap tree #56, logLikelihood: -54009.252645
[00:25:48] Bootstrap tree #57, logLikelihood: -53955.382316
[00:26:09] Bootstrap tree #58, logLikelihood: -53960.262961
[00:26:15] Bootstrap tree #59, logLikelihood: -53378.809410
[00:26:31] Bootstrap tree #60, logLikelihood: -53203.625857
[00:26:40] Bootstrap tree #61, logLikelihood: -54634.491175
[00:27:09] Bootstrap tree #62, logLikelihood: -54917.428172
[00:27:20] Bootstrap tree #63, logLikelihood: -53949.456383
[00:27:41] Bootstrap tree #64, logLikelihood: -55902.012799
[00:27:55] Bootstrap tree #65, logLikelihood: -53479.914387
[00:28:16] Bootstrap tree #66, logLikelihood: -55084.124844
[00:28:31] Bootstrap tree #67, logLikelihood: -55492.306034
[00:28:54] Bootstrap tree #68, logLikelihood: -54215.673581
[00:29:16] Bootstrap tree #69, logLikelihood: -54536.018271
[00:29:40] Bootstrap tree #70, logLikelihood: -54902.775950
[00:30:16] Bootstrap tree #71, logLikelihood: -55128.017566
[00:30:41] Bootstrap tree #72, logLikelihood: -55262.735407
[00:30:51] Bootstrap tree #73, logLikelihood: -54201.854991
[00:31:11] Bootstrap tree #74, logLikelihood: -54327.392123
[00:31:39] Bootstrap tree #75, logLikelihood: -54300.973341
[00:31:51] Bootstrap tree #76, logLikelihood: -54590.596586
[00:32:10] Bootstrap tree #77, logLikelihood: -54403.604861
[00:32:24] Bootstrap tree #78, logLikelihood: -54793.333293
[00:32:38] Bootstrap tree #79, logLikelihood: -54327.630987
[00:32:45] Bootstrap tree #80, logLikelihood: -53583.904750
[00:33:06] Bootstrap tree #81, logLikelihood: -54118.183747
[00:33:22] Bootstrap tree #82, logLikelihood: -54395.306652
[00:33:44] Bootstrap tree #83, logLikelihood: -54472.568863
[00:34:09] Bootstrap tree #84, logLikelihood: -55833.025040
[00:34:29] Bootstrap tree #85, logLikelihood: -53904.563866
[00:34:37] Bootstrap tree #86, logLikelihood: -54986.936415
[00:34:54] Bootstrap tree #87, logLikelihood: -53996.789082
[00:35:15] Bootstrap tree #88, logLikelihood: -55368.701794
[00:35:34] Bootstrap tree #89, logLikelihood: -55235.738401
[00:35:59] Bootstrap tree #90, logLikelihood: -55577.442495
[00:36:23] Bootstrap tree #91, logLikelihood: -52999.536742
[00:36:48] Bootstrap tree #92, logLikelihood: -53932.685887
[00:37:09] Bootstrap tree #93, logLikelihood: -54380.501590
[00:37:30] Bootstrap tree #94, logLikelihood: -54423.964184
[00:37:49] Bootstrap tree #95, logLikelihood: -54196.998847
[00:38:11] Bootstrap tree #96, logLikelihood: -54489.644395
[00:38:29] Bootstrap tree #97, logLikelihood: -54236.617166
[00:38:48] Bootstrap tree #98, logLikelihood: -54979.368285
[00:39:12] Bootstrap tree #99, logLikelihood: -54709.406606
[00:39:35] Bootstrap tree #100, logLikelihood: -54443.819642
[00:40:07] Bootstrap tree #101, logLikelihood: -55024.288109
[00:40:31] Bootstrap tree #102, logLikelihood: -54383.445935
[00:40:54] Bootstrap tree #103, logLikelihood: -54230.852584
[00:41:14] Bootstrap tree #104, logLikelihood: -54255.291674
[00:41:32] Bootstrap tree #105, logLikelihood: -55644.285140
[00:41:52] Bootstrap tree #106, logLikelihood: -53943.807973
[00:42:04] Bootstrap tree #107, logLikelihood: -55093.703289
[00:42:18] Bootstrap tree #108, logLikelihood: -54408.878551
[00:42:41] Bootstrap tree #109, logLikelihood: -55477.520974
[00:42:55] Bootstrap tree #110, logLikelihood: -55199.543385
[00:43:23] Bootstrap tree #111, logLikelihood: -54450.956039
[00:43:50] Bootstrap tree #112, logLikelihood: -54784.331600
[00:44:13] Bootstrap tree #113, logLikelihood: -54839.758375
[00:44:34] Bootstrap tree #114, logLikelihood: -54289.909695
[00:45:04] Bootstrap tree #115, logLikelihood: -54353.557724
[00:45:20] Bootstrap tree #116, logLikelihood: -54348.026142
[00:45:42] Bootstrap tree #117, logLikelihood: -54762.405791
[00:45:50] Bootstrap tree #118, logLikelihood: -55053.155986
[00:46:16] Bootstrap tree #119, logLikelihood: -53951.030945
[00:46:36] Bootstrap tree #120, logLikelihood: -53958.142624
[00:46:45] Bootstrap tree #121, logLikelihood: -54132.598516
[00:46:55] Bootstrap tree #122, logLikelihood: -55054.150004
[00:47:11] Bootstrap tree #123, logLikelihood: -54297.951584
[00:47:18] Bootstrap tree #124, logLikelihood: -53463.236419
[00:47:37] Bootstrap tree #125, logLikelihood: -53184.029339
[00:47:48] Bootstrap tree #126, logLikelihood: -55425.396295
[00:48:20] Bootstrap tree #127, logLikelihood: -53720.998775
[00:48:40] Bootstrap tree #128, logLikelihood: -55047.992193
[00:49:01] Bootstrap tree #129, logLikelihood: -53865.313753
[00:49:36] Bootstrap tree #130, logLikelihood: -54992.674807
[00:49:56] Bootstrap tree #131, logLikelihood: -54388.125584
[00:50:07] Bootstrap tree #132, logLikelihood: -54708.776121
[00:50:30] Bootstrap tree #133, logLikelihood: -54508.739923
[00:50:52] Bootstrap tree #134, logLikelihood: -54434.505740
[00:51:14] Bootstrap tree #135, logLikelihood: -55180.155185
[00:51:32] Bootstrap tree #136, logLikelihood: -54057.503955
[00:51:49] Bootstrap tree #137, logLikelihood: -55608.568227
[00:52:11] Bootstrap tree #138, logLikelihood: -54165.486518
[00:52:31] Bootstrap tree #139, logLikelihood: -53485.025347
[00:52:59] Bootstrap tree #140, logLikelihood: -53981.994050
[00:53:12] Bootstrap tree #141, logLikelihood: -54904.404745
[00:53:37] Bootstrap tree #142, logLikelihood: -53713.836647
[00:53:56] Bootstrap tree #143, logLikelihood: -53510.805689
[00:54:20] Bootstrap tree #144, logLikelihood: -53770.274780
[00:54:25] Bootstrap tree #145, logLikelihood: -53922.560543
[00:54:43] Bootstrap tree #146, logLikelihood: -54704.223265
[00:55:05] Bootstrap tree #147, logLikelihood: -54116.787861
[00:55:13] Bootstrap tree #148, logLikelihood: -53883.301181
[00:55:40] Bootstrap tree #149, logLikelihood: -54983.700811
[00:56:00] Bootstrap tree #150, logLikelihood: -55822.227309
[00:56:21] Bootstrap tree #151, logLikelihood: -53985.308954
[00:56:47] Bootstrap tree #152, logLikelihood: -55008.500649
[00:57:03] Bootstrap tree #153, logLikelihood: -54411.050474
[00:57:18] Bootstrap tree #154, logLikelihood: -54288.345514
[00:57:38] Bootstrap tree #155, logLikelihood: -54517.196204
[00:57:56] Bootstrap tree #156, logLikelihood: -54929.859567
[00:58:18] Bootstrap tree #157, logLikelihood: -55893.605585
[00:58:43] Bootstrap tree #158, logLikelihood: -53898.776299
[00:58:55] Bootstrap tree #159, logLikelihood: -53709.427238
[00:59:06] Bootstrap tree #160, logLikelihood: -54497.118234
[00:59:24] Bootstrap tree #161, logLikelihood: -52718.137570
[00:59:27] Bootstrap tree #162, logLikelihood: -53270.364687
[00:59:45] Bootstrap tree #163, logLikelihood: -54896.331002
[01:00:22] Bootstrap tree #164, logLikelihood: -54876.062939
[01:00:39] Bootstrap tree #165, logLikelihood: -54900.245363
[01:01:02] Bootstrap tree #166, logLikelihood: -53971.829896
[01:01:21] Bootstrap tree #167, logLikelihood: -54307.708152
[01:01:41] Bootstrap tree #168, logLikelihood: -54480.891229
[01:02:00] Bootstrap tree #169, logLikelihood: -54514.290980
[01:02:21] Bootstrap tree #170, logLikelihood: -54549.001524
[01:02:43] Bootstrap tree #171, logLikelihood: -55252.410022
[01:03:12] Bootstrap tree #172, logLikelihood: -54698.278819
[01:03:32] Bootstrap tree #173, logLikelihood: -54003.006589
[01:03:51] Bootstrap tree #174, logLikelihood: -53472.930013
[01:04:09] Bootstrap tree #175, logLikelihood: -55030.767855
[01:04:27] Bootstrap tree #176, logLikelihood: -54255.355092
[01:05:28] Bootstrap tree #177, logLikelihood: -55167.935415
[01:06:08] Bootstrap tree #178, logLikelihood: -54934.676058
[01:06:42] Bootstrap tree #179, logLikelihood: -54908.496488
[01:07:25] Bootstrap tree #180, logLikelihood: -53665.211465
[01:08:08] Bootstrap tree #181, logLikelihood: -53612.003480
[01:08:35] Bootstrap tree #182, logLikelihood: -54462.653243
[01:08:53] Bootstrap tree #183, logLikelihood: -54817.823011
[01:09:27] Bootstrap tree #184, logLikelihood: -53461.391547
[01:09:52] Bootstrap tree #185, logLikelihood: -55453.352002
[01:10:36] Bootstrap tree #186, logLikelihood: -55431.024977
[01:11:14] Bootstrap tree #187, logLikelihood: -55038.724658
[01:11:55] Bootstrap tree #188, logLikelihood: -54090.661959
[01:12:43] Bootstrap tree #189, logLikelihood: -54972.211816
[01:13:31] Bootstrap tree #190, logLikelihood: -53932.555585
[01:14:17] Bootstrap tree #191, logLikelihood: -54974.312765
[01:14:49] Bootstrap tree #192, logLikelihood: -54153.322795
[01:14:57] Bootstrap tree #193, logLikelihood: -52580.052180
[01:15:13] Bootstrap tree #194, logLikelihood: -54376.478243
[01:15:23] Bootstrap tree #195, logLikelihood: -54329.152119
[01:15:44] Bootstrap tree #196, logLikelihood: -55115.885745
[01:16:04] Bootstrap tree #197, logLikelihood: -52909.634045
[01:16:23] Bootstrap tree #198, logLikelihood: -54340.954441
[01:16:47] Bootstrap tree #199, logLikelihood: -55776.450641
[01:17:06] Bootstrap tree #200, logLikelihood: -53873.231223
[01:17:12] Bootstrap tree #201, logLikelihood: -53916.461517
[01:17:21] Bootstrap tree #202, logLikelihood: -55110.782793
[01:17:42] Bootstrap tree #203, logLikelihood: -54627.924592
[01:17:59] Bootstrap tree #204, logLikelihood: -52741.752685
[01:18:23] Bootstrap tree #205, logLikelihood: -54520.612230
[01:18:44] Bootstrap tree #206, logLikelihood: -55225.593421
[01:19:06] Bootstrap tree #207, logLikelihood: -54851.928081
[01:19:37] Bootstrap tree #208, logLikelihood: -54957.262838
[01:20:02] Bootstrap tree #209, logLikelihood: -54039.030510
[01:20:27] Bootstrap tree #210, logLikelihood: -55943.368528
[01:20:46] Bootstrap tree #211, logLikelihood: -53621.505214
[01:21:16] Bootstrap tree #212, logLikelihood: -54865.959448
[01:21:28] Bootstrap tree #213, logLikelihood: -54065.299527
[01:21:50] Bootstrap tree #214, logLikelihood: -54673.539070
[01:22:16] Bootstrap tree #215, logLikelihood: -53032.365298
[01:22:36] Bootstrap tree #216, logLikelihood: -55127.581863
[01:22:54] Bootstrap tree #217, logLikelihood: -55039.851035
[01:23:23] Bootstrap tree #218, logLikelihood: -53874.028174
[01:23:43] Bootstrap tree #219, logLikelihood: -54932.146048
[01:24:00] Bootstrap tree #220, logLikelihood: -53422.134017
[01:24:30] Bootstrap tree #221, logLikelihood: -53665.329328
[01:24:55] Bootstrap tree #222, logLikelihood: -56115.753677
[01:25:05] Bootstrap tree #223, logLikelihood: -53514.863663
[01:25:27] Bootstrap tree #224, logLikelihood: -55356.242987
[01:25:47] Bootstrap tree #225, logLikelihood: -53804.750215
[01:26:11] Bootstrap tree #226, logLikelihood: -54278.393131
[01:26:32] Bootstrap tree #227, logLikelihood: -53779.445153
[01:26:55] Bootstrap tree #228, logLikelihood: -55635.659905
[01:27:15] Bootstrap tree #229, logLikelihood: -54456.822224
[01:27:43] Bootstrap tree #230, logLikelihood: -54048.135295
[01:27:47] Bootstrap tree #231, logLikelihood: -53914.558927
[01:27:56] Bootstrap tree #232, logLikelihood: -55314.275361
[01:28:21] Bootstrap tree #233, logLikelihood: -54354.273676
[01:28:39] Bootstrap tree #234, logLikelihood: -54099.477882
[01:28:58] Bootstrap tree #235, logLikelihood: -54290.942983
[01:29:46] Bootstrap tree #236, logLikelihood: -55598.140608
[01:30:21] Bootstrap tree #237, logLikelihood: -54221.096318
[01:30:49] Bootstrap tree #238, logLikelihood: -53372.474943
[01:31:09] Bootstrap tree #239, logLikelihood: -54266.250835
[01:31:17] Bootstrap tree #240, logLikelihood: -55112.835158
[01:31:38] Bootstrap tree #241, logLikelihood: -54642.185520
[01:31:47] Bootstrap tree #242, logLikelihood: -56230.238132
[01:31:59] Bootstrap tree #243, logLikelihood: -54074.152187
[01:32:19] Bootstrap tree #244, logLikelihood: -54767.207810
[01:32:49] Bootstrap tree #245, logLikelihood: -53610.973624
[01:33:10] Bootstrap tree #246, logLikelihood: -55130.340988
[01:33:32] Bootstrap tree #247, logLikelihood: -53725.251762
[01:33:41] Bootstrap tree #248, logLikelihood: -56053.474704
[01:34:19] Bootstrap tree #249, logLikelihood: -54324.213129
[01:34:47] Bootstrap tree #250, logLikelihood: -55015.714094
[01:35:06] Bootstrap tree #251, logLikelihood: -55233.923149
[01:35:45] Bootstrap tree #252, logLikelihood: -53654.637732
[01:36:12] Bootstrap tree #253, logLikelihood: -55615.161781
[01:36:28] Bootstrap tree #254, logLikelihood: -54638.109262
[01:36:51] Bootstrap tree #255, logLikelihood: -54814.174756
[01:37:18] Bootstrap tree #256, logLikelihood: -54613.739012
[01:37:40] Bootstrap tree #257, logLikelihood: -53807.991431
[01:38:01] Bootstrap tree #258, logLikelihood: -54853.080176
[01:38:33] Bootstrap tree #259, logLikelihood: -54426.128843
[01:38:51] Bootstrap tree #260, logLikelihood: -55055.086264
[01:39:26] Bootstrap tree #261, logLikelihood: -54399.639124
[01:39:48] Bootstrap tree #262, logLikelihood: -54470.009391
[01:39:54] Bootstrap tree #263, logLikelihood: -54080.635812
[01:40:35] Bootstrap tree #264, logLikelihood: -54384.367887
[01:40:57] Bootstrap tree #265, logLikelihood: -54242.691908
[01:41:15] Bootstrap tree #266, logLikelihood: -53644.521120
[01:41:35] Bootstrap tree #267, logLikelihood: -55064.357104
[01:42:13] Bootstrap tree #268, logLikelihood: -54838.291718
[01:42:29] Bootstrap tree #269, logLikelihood: -53579.397185
[01:42:47] Bootstrap tree #270, logLikelihood: -54366.046800
[01:42:58] Bootstrap tree #271, logLikelihood: -53651.307175
[01:43:24] Bootstrap tree #272, logLikelihood: -54477.681301
[01:43:44] Bootstrap tree #273, logLikelihood: -54642.873461
[01:44:02] Bootstrap tree #274, logLikelihood: -54178.571087
[01:44:17] Bootstrap tree #275, logLikelihood: -53019.134899
[01:44:33] Bootstrap tree #276, logLikelihood: -54683.871785
[01:44:50] Bootstrap tree #277, logLikelihood: -53958.843291
[01:45:04] Bootstrap tree #278, logLikelihood: -54662.651897
[01:45:28] Bootstrap tree #279, logLikelihood: -54581.136410
[01:45:50] Bootstrap tree #280, logLikelihood: -54349.702875
[01:46:03] Bootstrap tree #281, logLikelihood: -54945.250434
[01:46:24] Bootstrap tree #282, logLikelihood: -54358.972212
[01:46:45] Bootstrap tree #283, logLikelihood: -54788.521297
[01:47:06] Bootstrap tree #284, logLikelihood: -55787.516146
[01:47:22] Bootstrap tree #285, logLikelihood: -55523.812401
[01:47:50] Bootstrap tree #286, logLikelihood: -53902.975189
[01:48:09] Bootstrap tree #287, logLikelihood: -54425.512417
[01:48:15] Bootstrap tree #288, logLikelihood: -53548.042004
[01:48:39] Bootstrap tree #289, logLikelihood: -55910.211210
[01:49:00] Bootstrap tree #290, logLikelihood: -54341.670965
[01:49:22] Bootstrap tree #291, logLikelihood: -54330.976739
[01:49:44] Bootstrap tree #292, logLikelihood: -54655.078144
[01:50:07] Bootstrap tree #293, logLikelihood: -55140.078504
[01:50:25] Bootstrap tree #294, logLikelihood: -53410.084387
[01:50:44] Bootstrap tree #295, logLikelihood: -55092.641257
[01:51:05] Bootstrap tree #296, logLikelihood: -55458.744646
[01:51:25] Bootstrap tree #297, logLikelihood: -53613.741109
[01:51:47] Bootstrap tree #298, logLikelihood: -53832.661945
[01:51:53] Bootstrap tree #299, logLikelihood: -53304.743153
[01:52:11] Bootstrap tree #300, logLikelihood: -54644.098266
[01:52:17] Bootstrap tree #301, logLikelihood: -55221.750520
[01:52:38] Bootstrap tree #302, logLikelihood: -53893.176334
[01:52:53] Bootstrap tree #303, logLikelihood: -54457.270735
[01:53:06] Bootstrap tree #304, logLikelihood: -54638.409025
[01:53:33] Bootstrap tree #305, logLikelihood: -54588.761826
[01:53:53] Bootstrap tree #306, logLikelihood: -54626.168843
[01:54:14] Bootstrap tree #307, logLikelihood: -54670.796062
[01:54:34] Bootstrap tree #308, logLikelihood: -55304.034378
[01:54:54] Bootstrap tree #309, logLikelihood: -54293.824595
[01:55:14] Bootstrap tree #310, logLikelihood: -55861.485107
[01:55:24] Bootstrap tree #311, logLikelihood: -54078.983081
[01:55:33] Bootstrap tree #312, logLikelihood: -54175.653520
[01:56:05] Bootstrap tree #313, logLikelihood: -55142.231587
[01:56:18] Bootstrap tree #314, logLikelihood: -53729.262466
[01:56:36] Bootstrap tree #315, logLikelihood: -54435.728690
[01:56:59] Bootstrap tree #316, logLikelihood: -54693.026492
[01:57:29] Bootstrap tree #317, logLikelihood: -53720.190986
[01:58:05] Bootstrap tree #318, logLikelihood: -53966.933462
[01:58:35] Bootstrap tree #319, logLikelihood: -53897.451790
[01:59:11] Bootstrap tree #320, logLikelihood: -54801.202855
[01:59:41] Bootstrap tree #321, logLikelihood: -53558.854509
slurmstepd: error: *** JOB 2539 ON hpc-class12 CANCELLED AT 2019-03-11T20:17:33 DUE TO TIME LIMIT ***
