
RAxML-NG v. 0.8.0 BETA released on 11.01.2019 by The Exelixis Lab.
Authors: Alexey Kozlov, Alexandros Stamatakis, Diego Darriba, Tomas Flouri, Benoit Morel.
Latest version: https://github.com/amkozlov/raxml-ng
Questions/problems/suggestions? Please visit: https://groups.google.com/forum/#!forum/raxml

WARNING: This is a BETA release, please use at your own risk!

RAxML-NG was called at 12-Mar-2019 07:33:35 as follows:

raxml-ng --evaluate --msa alignment.phy --threads 4 --model F81 --tree NJTree --prefix Q12 --log verbose

Analysis options:
  run mode: Evaluate tree likelihood
  start tree(s): user
  random seed: 1552394015
  tip-inner: OFF
  pattern compression: ON
  per-rate scalers: OFF
  site repeats: ON
  branch lengths: proportional (ML estimate, algorithm: NR-FAST)
  SIMD kernels: AVX
  parallelization: PTHREADS (4 threads), thread pinning: OFF

[00:00:01] Reading alignment from file: alignment.phy
[00:00:01] Loaded alignment with 20 taxa and 4482 sites
[00:00:01] Extracting partitions... 
[00:00:01] Validating alignment... 
[00:00:01] Checking the alignment...
[00:00:01] Compressing alignment patterns... 

Alignment comprises 1 partitions and 2114 patterns

Partition 0: noname
Model: F81+FO
Alignment sites / patterns: 4482 / 2114
Gaps: 6.81 %
Invariant sites: 1.18 %


NOTE: Binary MSA file created: Q12.raxml.rba

[00:00:01] Loading user starting tree(s) from: NJTree

Initial model parameters:
   Partition: noname
   Rate heterogeneity: NONE
   Base frequencies (ML): 0.250000 0.250000 0.250000 0.250000 
   Substitution rates (model): 1.000000 1.000000 1.000000 1.000000 1.000000 1.000000 

[00:00:01] Data distribution: max. partitions/sites/weight per thread: 1 / 529 / 2116

thread#	part#	start	length	weight
0	0	1587	527	2108

1	0	1058	529	2116

2	0	529	529	2116

3	0	0	529	2116


Evaluating 1 trees

[00:00:01] Tree #1, initial LogLikelihood: -56818.142707

[00:00:02 -56818.142707] Initial branch length optimization
[00:00:04 -55885.557909] Model parameter optimization (eps = 0.100000)

[00:00:05] Tree #1, final logLikelihood: -54665.915639


Optimized model parameters:

   Partition 0: noname
   Rate heterogeneity: NONE
   Base frequencies (ML): 0.211690 0.283025 0.123112 0.382173 
   Substitution rates (model): 1.000000 1.000000 1.000000 1.000000 1.000000 1.000000 

Final LogLikelihood: -54665.915639

AIC score: 109411.831277 / AICc score: 109412.569850 / BIC score: 109668.144263
Free parameters (model + branch lengths): 40


All optimized tree(s) saved to: /home/eglynne/EEOB563-Spring19/A5/data/Q12.raxml.mlTrees
Optimized model saved to: /home/eglynne/EEOB563-Spring19/A5/data/Q12.raxml.bestModel

Execution log saved to: /home/eglynne/EEOB563-Spring19/A5/data/Q12.raxml.log

Analysis started: 12-Mar-2019 07:33:35 / finished: 12-Mar-2019 07:33:44

Elapsed time: 9.277 seconds

