
RAxML-NG v. 0.8.0 BETA released on 11.01.2019 by The Exelixis Lab.
Authors: Alexey Kozlov, Alexandros Stamatakis, Diego Darriba, Tomas Flouri, Benoit Morel.
Latest version: https://github.com/amkozlov/raxml-ng
Questions/problems/suggestions? Please visit: https://groups.google.com/forum/#!forum/raxml

WARNING: This is a BETA release, please use at your own risk!

RAxML-NG was called at 12-Mar-2019 08:29:50 as follows:

raxml-ng --evaluate --msa alignment.phy --threads 4 --model F81 --tree Q1.raxml.bestTree --prefix Q12b --log verbose

Analysis options:
  run mode: Evaluate tree likelihood
  start tree(s): user
  random seed: 1552397390
  tip-inner: OFF
  pattern compression: ON
  per-rate scalers: OFF
  site repeats: ON
  branch lengths: proportional (ML estimate, algorithm: NR-FAST)
  SIMD kernels: AVX
  parallelization: PTHREADS (4 threads), thread pinning: OFF

[00:00:00] Reading alignment from file: alignment.phy
[00:00:00] Loaded alignment with 20 taxa and 4482 sites
[00:00:00] Extracting partitions... 
[00:00:00] Validating alignment... 
[00:00:00] Checking the alignment...
[00:00:00] Compressing alignment patterns... 

Alignment comprises 1 partitions and 2114 patterns

Partition 0: noname
Model: F81+FO
Alignment sites / patterns: 4482 / 2114
Gaps: 6.81 %
Invariant sites: 1.18 %


NOTE: Binary MSA file created: Q12b.raxml.rba

[00:00:00] Loading user starting tree(s) from: Q1.raxml.bestTree

ERROR: File not found: Q1.raxml.bestTree

