
RAxML-NG v. 0.8.0 BETA released on 11.01.2019 by The Exelixis Lab.
Authors: Alexey Kozlov, Alexandros Stamatakis, Diego Darriba, Tomas Flouri, Benoit Morel.
Latest version: https://github.com/amkozlov/raxml-ng
Questions/problems/suggestions? Please visit: https://groups.google.com/forum/#!forum/raxml

WARNING: This is a BETA release, please use at your own risk!

RAxML-NG was called at 12-Mar-2019 07:39:00 as follows:

raxml-ng --evaluate --msa alignment.phy --threads 4 --model PartCo --tree Q4.raxml.bestTree --prefix Q4_1 --log verbose

Analysis options:
  run mode: Evaluate tree likelihood
  start tree(s): user
  random seed: 1552394340
  tip-inner: OFF
  pattern compression: ON
  per-rate scalers: OFF
  site repeats: ON
  branch lengths: proportional (ML estimate, algorithm: NR-FAST)
  SIMD kernels: AVX
  parallelization: PTHREADS (4 threads), thread pinning: OFF

[00:00:00] Reading alignment from file: alignment.phy
[00:00:00] Loaded alignment with 20 taxa and 4482 sites
[00:00:00] Extracting partitions... 
[00:00:00] Validating alignment... 
[00:00:00] Checking the alignment...
[00:00:00] Compressing alignment patterns... 

Alignment comprises 3 partitions and 2197 patterns

Partition 0: COB
Model: F81+FO+B
Alignment sites / patterns: 1248 / 645
Gaps: 8.70 %
Invariant sites: 2.16 %

Partition 1: COX
Model: F81+FO+B
Alignment sites / patterns: 2156 / 526
Gaps: 6.09 %
Invariant sites: 1.53 %

Partition 2: COXp3
Model: HKY+FO+B
Alignment sites / patterns: 1078 / 1026
Gaps: 6.09 %
Invariant sites: 2.04 %


NOTE: Binary MSA file created: Q4_1.raxml.rba

[00:00:00] Loading user starting tree(s) from: Q4.raxml.bestTree

Initial model parameters:
   Partition: COB
   Speed (ML): 1.000000
   Rate heterogeneity: NONE
   Base frequencies (ML): 0.250000 0.250000 0.250000 0.250000 
   Substitution rates (model): 1.000000 1.000000 1.000000 1.000000 1.000000 1.000000 

   Partition: COX
   Speed (ML): 1.000000
   Rate heterogeneity: NONE
   Base frequencies (ML): 0.250000 0.250000 0.250000 0.250000 
   Substitution rates (model): 1.000000 1.000000 1.000000 1.000000 1.000000 1.000000 

   Partition: COXp3
   Speed (ML): 1.000000
   Rate heterogeneity: NONE
   Base frequencies (ML): 0.250000 0.250000 0.250000 0.250000 
   Substitution rates (ML): 1.000000 1.000000 1.000000 1.000000 1.000000 1.000000 

[00:00:00] Data distribution: max. partitions/sites/weight per thread: 2 / 550 / 2200

thread#	part#	start	length	weight
0	1	0	526	2104
0	0	0	24	96

1	2	479	547	2188

2	0	574	71	284
2	2	0	479	1916

3	0	24	550	2200


Evaluating 1 trees

[00:00:02] Tree #1, initial LogLikelihood: -56682.041402

[00:00:02 -56682.041402] Initial branch length optimization
[00:00:02 -51367.427264] Model parameter optimization (eps = 0.100000)

[00:00:05] Tree #1, final logLikelihood: -48825.936564


Optimized model parameters:

   Partition 0: COB
   Speed (ML): 0.726674
   Rate heterogeneity: NONE
   Base frequencies (ML): 0.226955 0.301865 0.104572 0.366609 
   Substitution rates (model): 1.000000 1.000000 1.000000 1.000000 1.000000 1.000000 

   Partition 1: COX
   Speed (ML): 0.196527
   Rate heterogeneity: NONE
   Base frequencies (ML): 0.225628 0.220875 0.172065 0.381433 
   Substitution rates (model): 1.000000 1.000000 1.000000 1.000000 1.000000 1.000000 

   Partition 2: COXp3
   Speed (ML): 2.923375
   Rate heterogeneity: NONE
   Base frequencies (ML): 0.364665 0.286021 0.059571 0.289743 
   Substitution rates (ML): 1.000000 5.597379 1.000000 1.000000 5.597379 1.000000 

Final LogLikelihood: -48825.936564

AIC score: 97749.873128 / AICc score: 97750.978724 / BIC score: 98063.856536
Free parameters (model + branch lengths): 49


All optimized tree(s) saved to: /home/eglynne/EEOB563-Spring19/A5/data/Q4_1.raxml.mlTrees
Optimized model saved to: /home/eglynne/EEOB563-Spring19/A5/data/Q4_1.raxml.bestModel

Execution log saved to: /home/eglynne/EEOB563-Spring19/A5/data/Q4_1.raxml.log

Analysis started: 12-Mar-2019 07:39:00 / finished: 12-Mar-2019 07:39:06

Elapsed time: 6.070 seconds

