
RAxML-NG v. 0.8.0 BETA released on 11.01.2019 by The Exelixis Lab.
Authors: Alexey Kozlov, Alexandros Stamatakis, Diego Darriba, Tomas Flouri, Benoit Morel.
Latest version: https://github.com/amkozlov/raxml-ng
Questions/problems/suggestions? Please visit: https://groups.google.com/forum/#!forum/raxml

WARNING: This is a BETA release, please use at your own risk!

RAxML-NG was called at 12-Mar-2019 08:18:47 as follows:

raxml-ng --all --msa alignment.fs --model F81 --prefix Q5 --seed 13 --threads 12 --bs-trees 1000 --bs-metric fbp

Analysis options:
  run mode: ML tree search + bootstrapping (Felsenstein Bootstrap)
  start tree(s): random (10) + parsimony (10)
  bootstrap replicates: 1000
  random seed: 13
  tip-inner: OFF
  pattern compression: ON
  per-rate scalers: OFF
  site repeats: ON
  branch lengths: proportional (ML estimate, algorithm: NR-FAST)
  SIMD kernels: AVX
  parallelization: PTHREADS (12 threads), thread pinning: OFF

WARNING: The model you specified on the command line (F81) will be ignored 
         since the binary MSA file already contains a model definition.
         If you want to change the model, please re-run RAxML-NG 
         with the original PHYLIP/FASTA alignment and --redo option.

[00:00:00] Loading binary alignment from file: Q5.raxml.rba
[00:00:00] Alignment comprises 20 taxa, 1 partitions and 2114 patterns

Partition 0: noname
Model: F81+FO
Alignment sites / patterns: 4482 / 2114
Gaps: 6.81 %
Invariant sites: 1.18 %



WARNING: You might be using too many threads (12) for your alignment with 2114 unique patterns.
NOTE:    For the optimal throughput, please consider using fewer threads 
NOTE:    and parallelize across starting trees/bootstrap replicates.
NOTE:    As a general rule-of-thumb, please assign at least 200-1000 alignment patterns per thread.

[00:00:00] NOTE: Resuming execution from checkpoint (logLH: -53819.87, ML trees: 20, bootstraps: 544)
[00:00:00] Data distribution: max. partitions/sites/weight per thread: 1 / 177 / 708

[00:00:00] ML tree search completed, best tree logLH: -54568.308892

[00:00:00] Starting bootstrapping analysis with 1000 replicates.

[00:00:13] Bootstrap tree #545, logLikelihood: -53784.751785
[00:00:42] Bootstrap tree #546, logLikelihood: -55388.713313
[00:01:18] Bootstrap tree #547, logLikelihood: -54312.856077
[00:01:22] Bootstrap tree #548, logLikelihood: -53903.591007
[00:01:41] Bootstrap tree #549, logLikelihood: -54491.700427
[00:02:17] Bootstrap tree #550, logLikelihood: -55149.931511
[00:02:58] Bootstrap tree #551, logLikelihood: -55797.203135
[00:03:45] Bootstrap tree #552, logLikelihood: -55076.124072
[00:04:34] Bootstrap tree #553, logLikelihood: -54962.670813
[00:05:05] Bootstrap tree #554, logLikelihood: -54748.687128
[00:05:09] Bootstrap tree #555, logLikelihood: -54243.160651
[00:05:14] Bootstrap tree #556, logLikelihood: -55751.564248
[00:05:48] Bootstrap tree #557, logLikelihood: -55583.343401
[00:06:22] Bootstrap tree #558, logLikelihood: -53524.803378
[00:06:45] Bootstrap tree #559, logLikelihood: -54999.131195
[00:07:10] Bootstrap tree #560, logLikelihood: -53328.359870
[00:07:39] Bootstrap tree #561, logLikelihood: -53871.598459
[00:08:24] Bootstrap tree #562, logLikelihood: -54133.257940
[00:09:06] Bootstrap tree #563, logLikelihood: -55491.976517
[00:09:47] Bootstrap tree #564, logLikelihood: -55025.149236
[00:10:15] Bootstrap tree #565, logLikelihood: -54234.694139
[00:10:22] Bootstrap tree #566, logLikelihood: -55966.341830
[00:10:26] Bootstrap tree #567, logLikelihood: -54708.545003
[00:10:32] Bootstrap tree #568, logLikelihood: -56067.829551
[00:10:38] Bootstrap tree #569, logLikelihood: -54621.528328
[00:10:42] Bootstrap tree #570, logLikelihood: -54144.834388
[00:10:46] Bootstrap tree #571, logLikelihood: -53381.807239
[00:10:50] Bootstrap tree #572, logLikelihood: -54055.099354
[00:10:54] Bootstrap tree #573, logLikelihood: -55011.236546
[00:10:58] Bootstrap tree #574, logLikelihood: -55630.596677
[00:11:02] Bootstrap tree #575, logLikelihood: -55060.898002
[00:11:05] Bootstrap tree #576, logLikelihood: -54629.705197
[00:11:11] Bootstrap tree #577, logLikelihood: -54698.172542
[00:11:16] Bootstrap tree #578, logLikelihood: -55164.205738
[00:11:20] Bootstrap tree #579, logLikelihood: -55031.622147
[00:11:25] Bootstrap tree #580, logLikelihood: -55339.517411
[00:11:53] Bootstrap tree #581, logLikelihood: -53570.466084
[00:12:35] Bootstrap tree #582, logLikelihood: -54297.498296
[00:12:40] Bootstrap tree #583, logLikelihood: -54918.252062
[00:12:45] Bootstrap tree #584, logLikelihood: -54335.973165
[00:12:50] Bootstrap tree #585, logLikelihood: -54064.123250
[00:12:57] Bootstrap tree #586, logLikelihood: -53814.144187
[00:13:02] Bootstrap tree #587, logLikelihood: -54236.566144
[00:13:07] Bootstrap tree #588, logLikelihood: -53634.996638
[00:13:10] Bootstrap tree #589, logLikelihood: -54850.756221
[00:13:15] Bootstrap tree #590, logLikelihood: -53080.928654
[00:13:20] Bootstrap tree #591, logLikelihood: -54746.090157
[00:13:23] Bootstrap tree #592, logLikelihood: -52725.745461
[00:13:27] Bootstrap tree #593, logLikelihood: -54748.791156
[00:13:31] Bootstrap tree #594, logLikelihood: -54124.925921
[00:13:37] Bootstrap tree #595, logLikelihood: -54849.217330
[00:14:10] Bootstrap tree #596, logLikelihood: -55010.910509
[00:14:36] Bootstrap tree #597, logLikelihood: -53980.688319
[00:15:06] Bootstrap tree #598, logLikelihood: -54457.855171
[00:15:18] Bootstrap tree #599, logLikelihood: -53667.598789
[00:15:39] Bootstrap tree #600, logLikelihood: -55292.251457
[00:15:58] Bootstrap tree #601, logLikelihood: -55405.066138
[00:16:37] Bootstrap tree #602, logLikelihood: -53094.690752
[00:16:58] Bootstrap tree #603, logLikelihood: -55468.686858
[00:17:35] Bootstrap tree #604, logLikelihood: -53225.121499
[00:17:54] Bootstrap tree #605, logLikelihood: -53354.257908
[00:18:25] Bootstrap tree #606, logLikelihood: -55996.738369
[00:18:56] Bootstrap tree #607, logLikelihood: -55131.197266
[00:19:14] Bootstrap tree #608, logLikelihood: -54532.682545
[00:19:30] Bootstrap tree #609, logLikelihood: -54279.928763
[00:20:05] Bootstrap tree #610, logLikelihood: -56130.480918
[00:20:32] Bootstrap tree #611, logLikelihood: -54403.468742
[00:21:20] Bootstrap tree #612, logLikelihood: -54468.941379
[00:21:31] Bootstrap tree #613, logLikelihood: -54293.999095
[00:22:05] Bootstrap tree #614, logLikelihood: -53921.820742
[00:22:42] Bootstrap tree #615, logLikelihood: -54918.948088
[00:23:12] Bootstrap tree #616, logLikelihood: -53829.348866
[00:23:34] Bootstrap tree #617, logLikelihood: -55359.578220
[00:24:06] Bootstrap tree #618, logLikelihood: -54501.839975
[00:24:38] Bootstrap tree #619, logLikelihood: -54963.824082
[00:25:10] Bootstrap tree #620, logLikelihood: -55343.441297
[00:25:32] Bootstrap tree #621, logLikelihood: -53744.028325
[00:26:02] Bootstrap tree #622, logLikelihood: -55275.849625
[00:26:40] Bootstrap tree #623, logLikelihood: -54067.514261
[00:27:09] Bootstrap tree #624, logLikelihood: -55063.833556
[00:27:28] Bootstrap tree #625, logLikelihood: -54276.831912
[00:28:00] Bootstrap tree #626, logLikelihood: -54926.586555
[00:28:23] Bootstrap tree #627, logLikelihood: -54935.354303
[00:29:18] Bootstrap tree #628, logLikelihood: -54002.590956
[00:29:30] Bootstrap tree #629, logLikelihood: -54371.488099
[00:29:52] Bootstrap tree #630, logLikelihood: -54895.506461
[00:30:06] Bootstrap tree #631, logLikelihood: -54301.599297
[00:30:28] Bootstrap tree #632, logLikelihood: -54308.572383
[00:30:57] Bootstrap tree #633, logLikelihood: -55604.162618
[00:31:28] Bootstrap tree #634, logLikelihood: -54382.327446
[00:31:46] Bootstrap tree #635, logLikelihood: -53882.817230
[00:31:50] Bootstrap tree #636, logLikelihood: -53546.154359
[00:31:55] Bootstrap tree #637, logLikelihood: -53328.466214
[00:32:01] Bootstrap tree #638, logLikelihood: -54309.519202
[00:32:04] Bootstrap tree #639, logLikelihood: -54242.558974
[00:32:10] Bootstrap tree #640, logLikelihood: -55028.109213
[00:32:14] Bootstrap tree #641, logLikelihood: -55143.461112
[00:32:18] Bootstrap tree #642, logLikelihood: -55125.405202
[00:32:23] Bootstrap tree #643, logLikelihood: -55110.918004
[00:32:26] Bootstrap tree #644, logLikelihood: -53893.250050
[00:32:31] Bootstrap tree #645, logLikelihood: -55606.401056
[00:32:35] Bootstrap tree #646, logLikelihood: -54128.311444
[00:32:38] Bootstrap tree #647, logLikelihood: -54294.643395
[00:32:42] Bootstrap tree #648, logLikelihood: -54977.194898
[00:32:49] Bootstrap tree #649, logLikelihood: -54266.386542
[00:32:52] Bootstrap tree #650, logLikelihood: -52829.055913
[00:32:56] Bootstrap tree #651, logLikelihood: -54729.489688
[00:32:59] Bootstrap tree #652, logLikelihood: -55136.096758
[00:33:03] Bootstrap tree #653, logLikelihood: -54674.796160
[00:33:25] Bootstrap tree #654, logLikelihood: -54244.594535
[00:34:00] Bootstrap tree #655, logLikelihood: -54485.800259
[00:34:17] Bootstrap tree #656, logLikelihood: -54278.096550
[00:34:29] Bootstrap tree #657, logLikelihood: -55912.017197
[00:35:02] Bootstrap tree #658, logLikelihood: -54217.379715
[00:35:33] Bootstrap tree #659, logLikelihood: -54558.098092
[00:35:57] Bootstrap tree #660, logLikelihood: -54340.585733
[00:36:28] Bootstrap tree #661, logLikelihood: -54741.675159
[00:36:38] Bootstrap tree #662, logLikelihood: -54011.491407
[00:37:04] Bootstrap tree #663, logLikelihood: -55701.859589
[00:37:16] Bootstrap tree #664, logLikelihood: -53616.838341
[00:37:42] Bootstrap tree #665, logLikelihood: -54392.820729
[00:37:59] Bootstrap tree #666, logLikelihood: -53671.317629
[00:38:32] Bootstrap tree #667, logLikelihood: -55441.597874
[00:38:58] Bootstrap tree #668, logLikelihood: -54696.186822
[00:39:08] Bootstrap tree #669, logLikelihood: -54497.866047
[00:39:34] Bootstrap tree #670, logLikelihood: -55419.484813
[00:40:12] Bootstrap tree #671, logLikelihood: -54710.018493
[00:40:53] Bootstrap tree #672, logLikelihood: -53770.556869
[00:40:56] Bootstrap tree #673, logLikelihood: -55263.320690
[00:41:37] Bootstrap tree #674, logLikelihood: -55210.297231
[00:41:45] Bootstrap tree #675, logLikelihood: -54453.661464
[00:42:11] Bootstrap tree #676, logLikelihood: -54803.345429
[00:42:47] Bootstrap tree #677, logLikelihood: -54302.327728
[00:43:12] Bootstrap tree #678, logLikelihood: -53767.900537
[00:43:36] Bootstrap tree #679, logLikelihood: -55334.109852
[00:44:05] Bootstrap tree #680, logLikelihood: -54188.571768
[00:44:40] Bootstrap tree #681, logLikelihood: -55168.319409
[00:45:09] Bootstrap tree #682, logLikelihood: -54987.191111
[00:45:31] Bootstrap tree #683, logLikelihood: -54505.610820
[00:46:00] Bootstrap tree #684, logLikelihood: -54831.985656
[00:46:07] Bootstrap tree #685, logLikelihood: -53871.611921
[00:46:29] Bootstrap tree #686, logLikelihood: -54877.097548
[00:46:59] Bootstrap tree #687, logLikelihood: -54469.154985
[00:47:33] Bootstrap tree #688, logLikelihood: -53482.104342
[00:48:05] Bootstrap tree #689, logLikelihood: -53871.474925
[00:48:38] Bootstrap tree #690, logLikelihood: -54327.613862
[00:49:04] Bootstrap tree #691, logLikelihood: -53638.340370
[00:49:21] Bootstrap tree #692, logLikelihood: -54277.512289
[00:49:34] Bootstrap tree #693, logLikelihood: -53614.173513
[00:49:50] Bootstrap tree #694, logLikelihood: -53979.044589
[00:50:13] Bootstrap tree #695, logLikelihood: -54070.427677
[00:50:35] Bootstrap tree #696, logLikelihood: -53571.311368
[00:50:59] Bootstrap tree #697, logLikelihood: -53780.368613
[00:51:25] Bootstrap tree #698, logLikelihood: -52896.844856
[00:51:46] Bootstrap tree #699, logLikelihood: -53963.762401
[00:52:05] Bootstrap tree #700, logLikelihood: -53454.498105
[00:52:25] Bootstrap tree #701, logLikelihood: -54421.139291
[00:52:43] Bootstrap tree #702, logLikelihood: -54348.854123
[00:52:57] Bootstrap tree #703, logLikelihood: -54260.215840
[00:53:23] Bootstrap tree #704, logLikelihood: -54349.405866
[00:53:39] Bootstrap tree #705, logLikelihood: -53922.578360
[00:54:09] Bootstrap tree #706, logLikelihood: -55296.928079
[00:54:26] Bootstrap tree #707, logLikelihood: -54661.034656
[00:55:05] Bootstrap tree #708, logLikelihood: -54519.617445
[00:55:25] Bootstrap tree #709, logLikelihood: -54229.444355
[00:55:42] Bootstrap tree #710, logLikelihood: -55784.852685
[00:56:09] Bootstrap tree #711, logLikelihood: -54882.500121
[00:56:23] Bootstrap tree #712, logLikelihood: -54889.491846
[00:56:31] Bootstrap tree #713, logLikelihood: -52550.618253
[00:56:52] Bootstrap tree #714, logLikelihood: -55332.938871
[00:57:15] Bootstrap tree #715, logLikelihood: -55067.216848
[00:57:40] Bootstrap tree #716, logLikelihood: -54333.690389
[00:57:54] Bootstrap tree #717, logLikelihood: -55143.741750
[00:58:36] Bootstrap tree #718, logLikelihood: -53636.097752
[00:59:14] Bootstrap tree #719, logLikelihood: -54931.129151
[00:59:25] Bootstrap tree #720, logLikelihood: -55314.570946
[00:59:44] Bootstrap tree #721, logLikelihood: -53921.525472
[00:59:57] Bootstrap tree #722, logLikelihood: -55370.387304
[01:00:12] Bootstrap tree #723, logLikelihood: -53520.509393
[01:00:31] Bootstrap tree #724, logLikelihood: -54283.149312
[01:00:48] Bootstrap tree #725, logLikelihood: -54179.022907
[01:01:05] Bootstrap tree #726, logLikelihood: -53718.520797
[01:01:23] Bootstrap tree #727, logLikelihood: -54190.280582
[01:01:33] Bootstrap tree #728, logLikelihood: -54526.800808
[01:01:54] Bootstrap tree #729, logLikelihood: -55479.973536
[01:02:06] Bootstrap tree #730, logLikelihood: -54437.826962
[01:02:26] Bootstrap tree #731, logLikelihood: -54980.200933
[01:02:54] Bootstrap tree #732, logLikelihood: -54292.072711
[01:03:12] Bootstrap tree #733, logLikelihood: -55013.664709
[01:03:28] Bootstrap tree #734, logLikelihood: -55874.875689
[01:03:54] Bootstrap tree #735, logLikelihood: -55105.348580
[01:04:33] Bootstrap tree #736, logLikelihood: -54115.565882
[01:04:54] Bootstrap tree #737, logLikelihood: -54873.795938
[01:05:11] Bootstrap tree #738, logLikelihood: -54732.983997
[01:05:35] Bootstrap tree #739, logLikelihood: -53660.329736
[01:06:09] Bootstrap tree #740, logLikelihood: -52987.373581
[01:06:30] Bootstrap tree #741, logLikelihood: -53361.474085
[01:06:33] Bootstrap tree #742, logLikelihood: -54952.791112
[01:07:04] Bootstrap tree #743, logLikelihood: -55509.726144
[01:07:54] Bootstrap tree #744, logLikelihood: -54341.666552
[01:08:09] Bootstrap tree #745, logLikelihood: -53260.538983
[01:08:34] Bootstrap tree #746, logLikelihood: -54877.609359
[01:08:51] Bootstrap tree #747, logLikelihood: -53986.597026
[01:08:59] Bootstrap tree #748, logLikelihood: -53911.674302
[01:09:06] Bootstrap tree #749, logLikelihood: -55031.494430
[01:09:12] Bootstrap tree #750, logLikelihood: -53660.188333
[01:09:19] Bootstrap tree #751, logLikelihood: -53446.692625
[01:09:28] Bootstrap tree #752, logLikelihood: -54826.812893
[01:09:36] Bootstrap tree #753, logLikelihood: -53285.979428
[01:09:43] Bootstrap tree #754, logLikelihood: -54761.879563
[01:09:51] Bootstrap tree #755, logLikelihood: -52355.735477
[01:09:57] Bootstrap tree #756, logLikelihood: -54722.946493
[01:10:04] Bootstrap tree #757, logLikelihood: -54567.975717
[01:10:15] Bootstrap tree #758, logLikelihood: -55630.925386
[01:10:22] Bootstrap tree #759, logLikelihood: -55287.697108
[01:10:33] Bootstrap tree #760, logLikelihood: -54968.036582
[01:10:40] Bootstrap tree #761, logLikelihood: -55568.897058
[01:10:59] Bootstrap tree #762, logLikelihood: -52652.110681
[01:11:02] Bootstrap tree #763, logLikelihood: -54895.663812
[01:11:28] Bootstrap tree #764, logLikelihood: -53580.664209
[01:12:00] Bootstrap tree #765, logLikelihood: -54906.348771
[01:12:28] Bootstrap tree #766, logLikelihood: -54727.893723
[01:12:52] Bootstrap tree #767, logLikelihood: -54298.846540
[01:13:21] Bootstrap tree #768, logLikelihood: -54013.071137
[01:13:46] Bootstrap tree #769, logLikelihood: -54888.077304
[01:14:15] Bootstrap tree #770, logLikelihood: -55498.274417
[01:14:41] Bootstrap tree #771, logLikelihood: -54063.211950
[01:15:04] Bootstrap tree #772, logLikelihood: -55395.226700
[01:15:24] Bootstrap tree #773, logLikelihood: -53914.076493
[01:15:37] Bootstrap tree #774, logLikelihood: -54477.950059
[01:16:11] Bootstrap tree #775, logLikelihood: -54908.711617
[01:16:41] Bootstrap tree #776, logLikelihood: -54642.590369
[01:17:16] Bootstrap tree #777, logLikelihood: -54428.644865
[01:17:39] Bootstrap tree #778, logLikelihood: -54234.345954
[01:18:05] Bootstrap tree #779, logLikelihood: -54401.600952
[01:18:44] Bootstrap tree #780, logLikelihood: -54651.986600
[01:19:14] Bootstrap tree #781, logLikelihood: -53675.822816
[01:19:42] Bootstrap tree #782, logLikelihood: -53882.896767
[01:20:06] Bootstrap tree #783, logLikelihood: -54427.306605
[01:20:19] Bootstrap tree #784, logLikelihood: -55247.780698
[01:21:04] Bootstrap tree #785, logLikelihood: -54642.113812
[01:21:35] Bootstrap tree #786, logLikelihood: -55443.692532
[01:22:01] Bootstrap tree #787, logLikelihood: -55545.018507
[01:22:23] Bootstrap tree #788, logLikelihood: -53271.011399
[01:22:40] Bootstrap tree #789, logLikelihood: -55679.179563
[01:23:10] Bootstrap tree #790, logLikelihood: -53878.511696
[01:23:30] Bootstrap tree #791, logLikelihood: -54929.486437
[01:23:59] Bootstrap tree #792, logLikelihood: -55116.905204
[01:24:22] Bootstrap tree #793, logLikelihood: -55046.356224
[01:24:42] Bootstrap tree #794, logLikelihood: -54076.791052
[01:25:09] Bootstrap tree #795, logLikelihood: -54872.858987
[01:25:35] Bootstrap tree #796, logLikelihood: -54981.324866
[01:26:06] Bootstrap tree #797, logLikelihood: -53563.155019
[01:26:27] Bootstrap tree #798, logLikelihood: -54169.724739
[01:26:42] Bootstrap tree #799, logLikelihood: -55466.408907
[01:27:09] Bootstrap tree #800, logLikelihood: -53394.883269
[01:27:34] Bootstrap tree #801, logLikelihood: -53547.300671
[01:27:44] Bootstrap tree #802, logLikelihood: -55332.694978
[01:28:22] Bootstrap tree #803, logLikelihood: -54837.335807
[01:29:07] Bootstrap tree #804, logLikelihood: -55047.906513
[01:29:34] Bootstrap tree #805, logLikelihood: -54926.331584
[01:30:02] Bootstrap tree #806, logLikelihood: -54914.760690
[01:30:37] Bootstrap tree #807, logLikelihood: -55304.029910
[01:30:56] Bootstrap tree #808, logLikelihood: -53808.834831
[01:31:23] Bootstrap tree #809, logLikelihood: -53635.885631
[01:31:52] Bootstrap tree #810, logLikelihood: -53022.675877
[01:32:22] Bootstrap tree #811, logLikelihood: -53023.730744
[01:32:40] Bootstrap tree #812, logLikelihood: -54720.401453
[01:33:10] Bootstrap tree #813, logLikelihood: -53908.478954
[01:33:37] Bootstrap tree #814, logLikelihood: -54128.168471
[01:34:05] Bootstrap tree #815, logLikelihood: -54830.648646
[01:34:28] Bootstrap tree #816, logLikelihood: -55027.137525
[01:35:10] Bootstrap tree #817, logLikelihood: -55579.924568
[01:35:39] Bootstrap tree #818, logLikelihood: -55706.632025
[01:36:04] Bootstrap tree #819, logLikelihood: -54867.799711
[01:36:34] Bootstrap tree #820, logLikelihood: -53935.464456
[01:37:07] Bootstrap tree #821, logLikelihood: -53998.221035
[01:37:26] Bootstrap tree #822, logLikelihood: -56025.628306
[01:37:49] Bootstrap tree #823, logLikelihood: -54597.608915
[01:38:14] Bootstrap tree #824, logLikelihood: -53365.008357
[01:38:27] Bootstrap tree #825, logLikelihood: -54674.389490
[01:39:05] Bootstrap tree #826, logLikelihood: -54571.545358
[01:39:37] Bootstrap tree #827, logLikelihood: -54937.149326
[01:40:02] Bootstrap tree #828, logLikelihood: -55419.487525
[01:40:29] Bootstrap tree #829, logLikelihood: -53893.670297
[01:41:06] Bootstrap tree #830, logLikelihood: -55031.479140
[01:41:30] Bootstrap tree #831, logLikelihood: -55432.268819
[01:41:48] Bootstrap tree #832, logLikelihood: -54449.038172
[01:42:10] Bootstrap tree #833, logLikelihood: -54044.041958
[01:42:32] Bootstrap tree #834, logLikelihood: -55212.152341
[01:43:06] Bootstrap tree #835, logLikelihood: -53709.202315
[01:43:17] Bootstrap tree #836, logLikelihood: -55243.640890
[01:43:46] Bootstrap tree #837, logLikelihood: -53894.509303
[01:44:15] Bootstrap tree #838, logLikelihood: -55216.275811
[01:44:56] Bootstrap tree #839, logLikelihood: -55429.168655
[01:45:12] Bootstrap tree #840, logLikelihood: -53694.158367
[01:45:28] Bootstrap tree #841, logLikelihood: -54398.348270
[01:45:54] Bootstrap tree #842, logLikelihood: -54611.909570
[01:46:30] Bootstrap tree #843, logLikelihood: -54706.999426
[01:46:57] Bootstrap tree #844, logLikelihood: -56234.760845
[01:47:32] Bootstrap tree #845, logLikelihood: -53595.111286
[01:47:59] Bootstrap tree #846, logLikelihood: -55062.366106
[01:48:25] Bootstrap tree #847, logLikelihood: -54053.340866
[01:48:54] Bootstrap tree #848, logLikelihood: -53987.161199
[01:49:12] Bootstrap tree #849, logLikelihood: -54237.268742
[01:49:31] Bootstrap tree #850, logLikelihood: -55962.141221
[01:50:06] Bootstrap tree #851, logLikelihood: -53706.920001
[01:50:25] Bootstrap tree #852, logLikelihood: -55277.330777
[01:50:56] Bootstrap tree #853, logLikelihood: -54269.052846
[01:51:24] Bootstrap tree #854, logLikelihood: -55799.280390
[01:51:39] Bootstrap tree #855, logLikelihood: -54106.046362
[01:51:59] Bootstrap tree #856, logLikelihood: -55240.389060
[01:52:33] Bootstrap tree #857, logLikelihood: -53828.940758
[01:52:41] Bootstrap tree #858, logLikelihood: -54350.675037
[01:53:15] Bootstrap tree #859, logLikelihood: -54040.602727
[01:53:39] Bootstrap tree #860, logLikelihood: -54309.386686
[01:53:52] Bootstrap tree #861, logLikelihood: -54129.930184
[01:54:20] Bootstrap tree #862, logLikelihood: -54132.415942
[01:54:33] Bootstrap tree #863, logLikelihood: -54186.557181
[01:55:05] Bootstrap tree #864, logLikelihood: -54599.845396
[01:55:28] Bootstrap tree #865, logLikelihood: -54473.238549
[01:55:59] Bootstrap tree #866, logLikelihood: -54018.195336
[01:56:35] Bootstrap tree #867, logLikelihood: -55460.734543
[01:57:02] Bootstrap tree #868, logLikelihood: -55292.472690
[01:57:36] Bootstrap tree #869, logLikelihood: -54429.385481
[01:58:05] Bootstrap tree #870, logLikelihood: -54601.612368
[01:58:20] Bootstrap tree #871, logLikelihood: -54705.291454
[01:58:58] Bootstrap tree #872, logLikelihood: -54759.708056
[01:59:37] Bootstrap tree #873, logLikelihood: -55247.561350
[02:00:19] Bootstrap tree #874, logLikelihood: -54616.099385
[02:00:44] Bootstrap tree #875, logLikelihood: -55780.795753
[02:00:55] Bootstrap tree #876, logLikelihood: -54088.219509
[02:01:21] Bootstrap tree #877, logLikelihood: -54566.400326
[02:01:47] Bootstrap tree #878, logLikelihood: -53227.963095
[02:02:15] Bootstrap tree #879, logLikelihood: -55712.242754
[02:02:42] Bootstrap tree #880, logLikelihood: -53504.134286
[02:02:59] Bootstrap tree #881, logLikelihood: -54983.378015
[02:03:33] Bootstrap tree #882, logLikelihood: -55780.081788
[02:04:10] Bootstrap tree #883, logLikelihood: -55601.920422
[02:04:33] Bootstrap tree #884, logLikelihood: -54394.618254
[02:05:04] Bootstrap tree #885, logLikelihood: -54479.418898
[02:05:30] Bootstrap tree #886, logLikelihood: -53649.794284
[02:05:56] Bootstrap tree #887, logLikelihood: -54793.705216
[02:06:10] Bootstrap tree #888, logLikelihood: -54692.003000
[02:06:29] Bootstrap tree #889, logLikelihood: -55013.445209
[02:06:55] Bootstrap tree #890, logLikelihood: -55128.598297
[02:07:40] Bootstrap tree #891, logLikelihood: -55156.336104
[02:08:19] Bootstrap tree #892, logLikelihood: -56222.576684
[02:08:50] Bootstrap tree #893, logLikelihood: -54125.883803
[02:09:29] Bootstrap tree #894, logLikelihood: -54599.028401
[02:09:43] Bootstrap tree #895, logLikelihood: -54885.299846
[02:10:14] Bootstrap tree #896, logLikelihood: -54301.397151
[02:10:41] Bootstrap tree #897, logLikelihood: -54301.972259
[02:11:08] Bootstrap tree #898, logLikelihood: -54727.906422
[02:11:34] Bootstrap tree #899, logLikelihood: -53360.138171
[02:12:08] Bootstrap tree #900, logLikelihood: -54496.076427
[02:12:45] Bootstrap tree #901, logLikelihood: -53781.993058
[02:13:35] Bootstrap tree #902, logLikelihood: -55167.647045
[02:13:47] Bootstrap tree #903, logLikelihood: -54536.113758
[02:14:12] Bootstrap tree #904, logLikelihood: -53561.813309
[02:14:32] Bootstrap tree #905, logLikelihood: -54966.222335
[02:15:01] Bootstrap tree #906, logLikelihood: -55351.962844
[02:15:16] Bootstrap tree #907, logLikelihood: -53103.717537
[02:16:07] Bootstrap tree #908, logLikelihood: -53655.506410
[02:16:44] Bootstrap tree #909, logLikelihood: -54483.841009
[02:17:07] Bootstrap tree #910, logLikelihood: -54415.913755
[02:17:59] Bootstrap tree #911, logLikelihood: -54560.193109
[02:18:24] Bootstrap tree #912, logLikelihood: -54937.389425
[02:18:35] Bootstrap tree #913, logLikelihood: -54408.192781
[02:19:05] Bootstrap tree #914, logLikelihood: -54665.099800
[02:19:37] Bootstrap tree #915, logLikelihood: -53917.512019
[02:19:50] Bootstrap tree #916, logLikelihood: -54876.428796
[02:20:31] Bootstrap tree #917, logLikelihood: -53645.550406
[02:21:03] Bootstrap tree #918, logLikelihood: -54031.736971
[02:21:30] Bootstrap tree #919, logLikelihood: -54091.918634
[02:22:00] Bootstrap tree #920, logLikelihood: -55142.092250
[02:22:35] Bootstrap tree #921, logLikelihood: -54749.729670
[02:23:07] Bootstrap tree #922, logLikelihood: -55350.832799
[02:23:43] Bootstrap tree #923, logLikelihood: -55417.942734
[02:24:24] Bootstrap tree #924, logLikelihood: -55175.663354
[02:25:07] Bootstrap tree #925, logLikelihood: -53821.971585
[02:25:38] Bootstrap tree #926, logLikelihood: -54547.452451
[02:26:08] Bootstrap tree #927, logLikelihood: -54676.312006
[02:26:35] Bootstrap tree #928, logLikelihood: -54973.465365
[02:27:19] Bootstrap tree #929, logLikelihood: -53735.146065
[02:27:36] Bootstrap tree #930, logLikelihood: -55565.001523
[02:28:04] Bootstrap tree #931, logLikelihood: -55047.654101
[02:28:40] Bootstrap tree #932, logLikelihood: -53640.963309
[02:29:22] Bootstrap tree #933, logLikelihood: -56332.248999
[02:29:46] Bootstrap tree #934, logLikelihood: -54512.910634
[02:30:07] Bootstrap tree #935, logLikelihood: -55392.948056
[02:30:38] Bootstrap tree #936, logLikelihood: -54104.368145
[02:31:06] Bootstrap tree #937, logLikelihood: -53845.786139
[02:31:30] Bootstrap tree #938, logLikelihood: -54859.445076
[02:31:57] Bootstrap tree #939, logLikelihood: -54546.615142
[02:32:10] Bootstrap tree #940, logLikelihood: -53965.855058
[02:32:32] Bootstrap tree #941, logLikelihood: -54567.608964
[02:33:06] Bootstrap tree #942, logLikelihood: -54352.097141
[02:33:48] Bootstrap tree #943, logLikelihood: -54111.414287
[02:34:04] Bootstrap tree #944, logLikelihood: -55383.070959
[02:34:28] Bootstrap tree #945, logLikelihood: -54662.666881
[02:35:01] Bootstrap tree #946, logLikelihood: -54696.994338
[02:35:39] Bootstrap tree #947, logLikelihood: -54764.414733
[02:36:24] Bootstrap tree #948, logLikelihood: -54755.494746
[02:36:34] Bootstrap tree #949, logLikelihood: -55544.166422
[02:36:56] Bootstrap tree #950, logLikelihood: -53567.779701
[02:37:35] Bootstrap tree #951, logLikelihood: -55031.116111
[02:37:56] Bootstrap tree #952, logLikelihood: -55133.077176
[02:38:07] Bootstrap tree #953, logLikelihood: -53705.276594
[02:38:32] Bootstrap tree #954, logLikelihood: -54832.394466
[02:38:59] Bootstrap tree #955, logLikelihood: -53290.933448
[02:39:42] Bootstrap tree #956, logLikelihood: -54316.586989
[02:40:11] Bootstrap tree #957, logLikelihood: -55143.651362
[02:40:38] Bootstrap tree #958, logLikelihood: -54272.869193
[02:41:10] Bootstrap tree #959, logLikelihood: -53857.246462
[02:41:28] Bootstrap tree #960, logLikelihood: -55719.664116
[02:42:12] Bootstrap tree #961, logLikelihood: -55202.241897
[02:42:55] Bootstrap tree #962, logLikelihood: -54503.577952
[02:43:46] Bootstrap tree #963, logLikelihood: -53008.912679
[02:44:39] Bootstrap tree #964, logLikelihood: -54172.765200
[02:45:18] Bootstrap tree #965, logLikelihood: -54683.024830
[02:45:50] Bootstrap tree #966, logLikelihood: -54117.083670
[02:46:25] Bootstrap tree #967, logLikelihood: -54669.265288
[02:46:55] Bootstrap tree #968, logLikelihood: -53715.359930
[02:47:41] Bootstrap tree #969, logLikelihood: -54315.561081
[02:48:22] Bootstrap tree #970, logLikelihood: -53548.080439
[02:48:54] Bootstrap tree #971, logLikelihood: -55051.470247
[02:49:26] Bootstrap tree #972, logLikelihood: -54521.840683
[02:49:45] Bootstrap tree #973, logLikelihood: -54325.828622
[02:50:12] Bootstrap tree #974, logLikelihood: -54152.640658
[02:50:44] Bootstrap tree #975, logLikelihood: -54166.516325
[02:51:11] Bootstrap tree #976, logLikelihood: -53396.294008
[02:51:45] Bootstrap tree #977, logLikelihood: -53318.046007
[02:52:11] Bootstrap tree #978, logLikelihood: -54247.293615
[02:52:25] Bootstrap tree #979, logLikelihood: -52803.587055
[02:52:30] Bootstrap tree #980, logLikelihood: -53251.776098
[02:52:34] Bootstrap tree #981, logLikelihood: -54745.808214
[02:52:38] Bootstrap tree #982, logLikelihood: -55351.034828
[02:52:43] Bootstrap tree #983, logLikelihood: -54376.755902
[02:52:46] Bootstrap tree #984, logLikelihood: -54059.925441
[02:52:49] Bootstrap tree #985, logLikelihood: -54908.008417
[02:52:53] Bootstrap tree #986, logLikelihood: -54988.475349
[02:52:58] Bootstrap tree #987, logLikelihood: -53657.677180
[02:53:04] Bootstrap tree #988, logLikelihood: -53613.759380
[02:53:10] Bootstrap tree #989, logLikelihood: -55864.670079
[02:53:23] Bootstrap tree #990, logLikelihood: -55796.238152
[02:54:05] Bootstrap tree #991, logLikelihood: -55209.673808
[02:54:43] Bootstrap tree #992, logLikelihood: -55612.860432
[02:55:33] Bootstrap tree #993, logLikelihood: -54523.189467
[02:55:46] Bootstrap tree #994, logLikelihood: -52826.368512
[02:56:26] Bootstrap tree #995, logLikelihood: -55124.737083
[02:56:53] Bootstrap tree #996, logLikelihood: -55736.045626
[02:57:17] Bootstrap tree #997, logLikelihood: -54386.778798
[02:57:51] Bootstrap tree #998, logLikelihood: -53582.620753
[02:58:28] Bootstrap tree #999, logLikelihood: -54206.721767
[02:59:21] Bootstrap tree #1000, logLikelihood: -55188.309378

Optimized model parameters:

   Partition 0: noname
   Rate heterogeneity: NONE
   Base frequencies (ML): 0.213810 0.276368 0.123473 0.386349 
   Substitution rates (model): 1.000000 1.000000 1.000000 1.000000 1.000000 1.000000 

Final LogLikelihood: -54568.308892

AIC score: 109216.617785 / AICc score: 109217.356357 / BIC score: 109472.930771
Free parameters (model + branch lengths): 40

All ML trees saved to: /home/eglynne/EEOB563-Spring19/A5/data/Q5.raxml.mlTrees
Best ML tree saved to: /home/eglynne/EEOB563-Spring19/A5/data/Q5.raxml.bestTree
Best ML tree with Felsenstein bootstrap (FBP) support values saved to: /home/eglynne/EEOB563-Spring19/A5/data/Q5.raxml.support
Optimized model saved to: /home/eglynne/EEOB563-Spring19/A5/data/Q5.raxml.bestModel
Bootstrap trees saved to: /home/eglynne/EEOB563-Spring19/A5/data/Q5.raxml.bootstraps

Execution log saved to: /home/eglynne/EEOB563-Spring19/A5/data/Q5.raxml.log

Analysis started: 12-Mar-2019 08:18:47 / finished: 12-Mar-2019 11:18:16

Elapsed time: 10769.545 seconds (this run) / 23119.375 seconds (total with restarts)

